<?xml version="1.0" encoding="UTF-8"?>
<testsuite xmlns:xsi="http://www.w3.org/2001/XMLSchema-instance" xsi:noNamespaceSchemaLocation="https://maven.apache.org/surefire/maven-surefire-plugin/xsd/surefire-test-report.xsd" name="com.group6.DataContainerTest" time="1.842" tests="1" errors="0" skipped="0" failures="0">
  <properties>
    <property name="java.specification.version" value="21"/>
    <property name="sun.cpu.isalist" value="amd64"/>
    <property name="sun.jnu.encoding" value="Cp1252"/>
    <property name="java.class.path" value="C:\Users\rakib\Documents\code\final\diagnose\target\test-classes;C:\Users\rakib\Documents\code\final\diagnose\target\classes;C:\Users\rakib\.m2\repository\junit\junit\4.11\junit-4.11.jar;C:\Users\rakib\.m2\repository\org\hamcrest\hamcrest-core\1.3\hamcrest-core-1.3.jar;"/>
    <property name="java.vm.vendor" value="Oracle Corporation"/>
    <property name="sun.arch.data.model" value="64"/>
    <property name="user.variant" value=""/>
    <property name="java.vendor.url" value="https://java.oracle.com/"/>
    <property name="user.timezone" value="America/New_York"/>
    <property name="os.name" value="Windows 11"/>
    <property name="java.vm.specification.version" value="21"/>
    <property name="sun.java.launcher" value="SUN_STANDARD"/>
    <property name="user.country" value="US"/>
    <property name="sun.boot.library.path" value="C:\Program Files\Java\jdk-21\bin"/>
    <property name="sun.java.command" value="C:\Users\rakib\AppData\Local\Temp\surefire11442909346819701459\surefirebooter17518881992697289815.jar C:\Users\rakib\AppData\Local\Temp\surefire11442909346819701459 2024-05-14T20-45-14_680-jvmRun1 surefire15489545592611998376tmp surefire_011203859715698004603tmp"/>
    <property name="jdk.debug" value="release"/>
    <property name="surefire.test.class.path" value="C:\Users\rakib\Documents\code\final\diagnose\target\test-classes;C:\Users\rakib\Documents\code\final\diagnose\target\classes;C:\Users\rakib\.m2\repository\junit\junit\4.11\junit-4.11.jar;C:\Users\rakib\.m2\repository\org\hamcrest\hamcrest-core\1.3\hamcrest-core-1.3.jar;"/>
    <property name="sun.cpu.endian" value="little"/>
    <property name="user.home" value="C:\Users\rakib"/>
    <property name="user.language" value="en"/>
    <property name="java.specification.vendor" value="Oracle Corporation"/>
    <property name="java.version.date" value="2023-09-19"/>
    <property name="java.home" value="C:\Program Files\Java\jdk-21"/>
    <property name="file.separator" value="\"/>
    <property name="basedir" value="C:\Users\rakib\Documents\code\final\diagnose"/>
    <property name="java.vm.compressedOopsMode" value="Zero based"/>
    <property name="line.separator" value="&#10;"/>
    <property name="java.vm.specification.vendor" value="Oracle Corporation"/>
    <property name="java.specification.name" value="Java Platform API Specification"/>
    <property name="surefire.real.class.path" value="C:\Users\rakib\AppData\Local\Temp\surefire11442909346819701459\surefirebooter17518881992697289815.jar"/>
    <property name="user.script" value=""/>
    <property name="sun.management.compiler" value="HotSpot 64-Bit Tiered Compilers"/>
    <property name="java.runtime.version" value="21+35-LTS-2513"/>
    <property name="user.name" value="rakib"/>
    <property name="stdout.encoding" value="Cp1252"/>
    <property name="path.separator" value=";"/>
    <property name="os.version" value="10.0"/>
    <property name="java.runtime.name" value="Java(TM) SE Runtime Environment"/>
    <property name="file.encoding" value="UTF-8"/>
    <property name="java.vm.name" value="Java HotSpot(TM) 64-Bit Server VM"/>
    <property name="localRepository" value="C:\Users\rakib\.m2\repository"/>
    <property name="java.vendor.url.bug" value="https://bugreport.java.com/bugreport/"/>
    <property name="java.io.tmpdir" value="C:\Users\rakib\AppData\Local\Temp\"/>
    <property name="java.version" value="21"/>
    <property name="user.dir" value="C:\Users\rakib\Documents\code\final\diagnose"/>
    <property name="os.arch" value="amd64"/>
    <property name="java.vm.specification.name" value="Java Virtual Machine Specification"/>
    <property name="sun.os.patch.level" value=""/>
    <property name="native.encoding" value="Cp1252"/>
    <property name="java.library.path" value="C:\Program Files\Java\jdk-21\bin;C:\Windows\Sun\Java\bin;C:\Windows\system32;C:\Windows;C:\Users\rakib\AppData\Local\Programs\Python\Python312\;C:\Program Files\ImageMagick-7.1.1-Q16-HDRI;C:\Users\rakib\AppData\Local\Programs\Python\Python312\Scripts\;C:\Program Files\Common Files\Oracle\Java\javapath;C:\Program Files (x86)\Common Files\Oracle\Java\javapath;H:\Program Files (x86)\VMware\VMware Workstation\bin\;C:\Windows\system32;C:\Windows;C:\Windows\System32\Wbem;C:\Windows\System32\WindowsPowerShell\v1.0\;C:\Windows\System32\OpenSSH\;C:\Program Files\Microsoft VS Code\bin;G:\Program Files\Git\cmd;E:\Users\rakib\Downloads\ffmpeg-2023-04-19-git-c17e33c058-essentials_build\ffmpeg-2023-04-19-git-c17e33c058-essentials_build\bin;C:\Program Files\dotnet\;C:\msys64\mingw64\bin;C:\Program Files (x86)\dotnet\;C:\Program Files (x86)\NVIDIA Corporation\PhysX\Common;C:\ProgramData\chocolatey\bin;G:\Program Files\Git\bin;G:\devkitPro\msys2;G:\Program Files (x86)\GNU Arm Embedded Toolchain\10 2021.10\bin;G:\Program Files\CMake\bin;G:\Downloads\youtube-dl;E:\Users\rakib\Downloads\platform-tools_r34.0.5-windows\platform-tools;C:\Program Files\Mullvad VPN\resources;C:\Program Files\Neovim\bin;C:\MinGW\bin;C:\GnuWin32\bin;C:\Program Files\NVIDIA Corporation\NVIDIA NvDLISR;G:\Program Files\nodejs\;C:\Users\rakib\Documents\code\zed\target\release;C:\Program Files\Apache Software Foundation\apache-maven-3.9.6\bin;C:\Users\rakib\.cargo\bin;C:\Users\rakib\scoop\apps\gcc\current\bin;C:\Users\rakib\scoop\shims;C:\Users\rakib\AppData\Local\Microsoft\WindowsApps;C:\Users\rakib\AppData\Local\Google\Cloud SDK\google-cloud-sdk\bin;C:\Users\rakib\.dotnet\tools;C:\tools\neovim\nvim-win64\bin;C:\Users\rakib\.dotnet\tools;C:\Users\rakib\AppData\Local\spicetify;C:\Users\rakib\AppData\Roaming\npm;C:\Users\rakib\AppData\Local\Programs\Ollama;."/>
    <property name="java.vm.info" value="mixed mode, sharing"/>
    <property name="stderr.encoding" value="Cp1252"/>
    <property name="java.vendor" value="Oracle Corporation"/>
    <property name="java.vm.version" value="21+35-LTS-2513"/>
    <property name="sun.io.unicode.encoding" value="UnicodeLittle"/>
    <property name="java.class.version" value="65.0"/>
  </properties>
  <testcase name="bootstrapWithoutError" classname="com.group6.DataContainerTest" time="1.818"/>
</testsuite>